<?xml version="1.0" encoding="UTF-8"?>
<testsuite xmlns:xsi="http://www.w3.org/2001/XMLSchema-instance" xsi:noNamespaceSchemaLocation="https://maven.apache.org/surefire/maven-surefire-plugin/xsd/surefire-test-report-3.0.xsd" version="3.0" name="studentmanagement.externals.repositories.StudentRepositoryImplementationTest" time="0.002" tests="5" errors="0" skipped="0" failures="1">
  <properties>
    <property name="sun.desktop" value="windows"/>
    <property name="awt.toolkit" value="sun.awt.windows.WToolkit"/>
    <property name="file.encoding.pkg" value="sun.io"/>
    <property name="java.specification.version" value="1.8"/>
    <property name="sun.cpu.isalist" value="amd64"/>
    <property name="sun.jnu.encoding" value="Cp1252"/>
    <property name="java.class.path" value="D:\IR\assignment\studentmanagement\target\test-classes;D:\IR\assignment\studentmanagement\target\classes;C:\Users\Sithara_105436\.m2\repository\org\springframework\boot\spring-boot-starter-actuator\2.2.0.RELEASE\spring-boot-starter-actuator-2.2.0.RELEASE.jar;C:\Users\Sithara_105436\.m2\repository\org\springframework\boot\spring-boot-starter\2.2.0.RELEASE\spring-boot-starter-2.2.0.RELEASE.jar;C:\Users\Sithara_105436\.m2\repository\org\springframework\boot\spring-boot\2.2.0.RELEASE\spring-boot-2.2.0.RELEASE.jar;C:\Users\Sithara_105436\.m2\repository\org\springframework\boot\spring-boot-autoconfigure\2.2.0.RELEASE\spring-boot-autoconfigure-2.2.0.RELEASE.jar;C:\Users\Sithara_105436\.m2\repository\org\springframework\boot\spring-boot-starter-logging\2.2.0.RELEASE\spring-boot-starter-logging-2.2.0.RELEASE.jar;C:\Users\Sithara_105436\.m2\repository\ch\qos\logback\logback-classic\1.2.3\logback-classic-1.2.3.jar;C:\Users\Sithara_105436\.m2\repository\ch\qos\logback\logback-core\1.2.3\logback-core-1.2.3.jar;C:\Users\Sithara_105436\.m2\repository\org\apache\logging\log4j\log4j-to-slf4j\2.12.1\log4j-to-slf4j-2.12.1.jar;C:\Users\Sithara_105436\.m2\repository\org\apache\logging\log4j\log4j-api\2.12.1\log4j-api-2.12.1.jar;C:\Users\Sithara_105436\.m2\repository\org\slf4j\jul-to-slf4j\1.7.28\jul-to-slf4j-1.7.28.jar;C:\Users\Sithara_105436\.m2\repository\jakarta\annotation\jakarta.annotation-api\1.3.5\jakarta.annotation-api-1.3.5.jar;C:\Users\Sithara_105436\.m2\repository\org\yaml\snakeyaml\1.25\snakeyaml-1.25.jar;C:\Users\Sithara_105436\.m2\repository\org\springframework\boot\spring-boot-actuator-autoconfigure\2.2.0.RELEASE\spring-boot-actuator-autoconfigure-2.2.0.RELEASE.jar;C:\Users\Sithara_105436\.m2\repository\org\springframework\boot\spring-boot-actuator\2.2.0.RELEASE\spring-boot-actuator-2.2.0.RELEASE.jar;C:\Users\Sithara_105436\.m2\repository\org\springframework\spring-context\5.2.0.RELEASE\spring-context-5.2.0.RELEASE.jar;C:\Users\Sithara_105436\.m2\repository\com\fasterxml\jackson\datatype\jackson-datatype-jsr310\2.10.0\jackson-datatype-jsr310-2.10.0.jar;C:\Users\Sithara_105436\.m2\repository\org\springframework\boot\spring-boot-starter-data-mongodb-reactive\2.2.0.RELEASE\spring-boot-starter-data-mongodb-reactive-2.2.0.RELEASE.jar;C:\Users\Sithara_105436\.m2\repository\org\springframework\data\spring-data-mongodb\2.2.0.RELEASE\spring-data-mongodb-2.2.0.RELEASE.jar;C:\Users\Sithara_105436\.m2\repository\org\springframework\spring-tx\5.2.0.RELEASE\spring-tx-5.2.0.RELEASE.jar;C:\Users\Sithara_105436\.m2\repository\org\springframework\spring-beans\5.2.0.RELEASE\spring-beans-5.2.0.RELEASE.jar;C:\Users\Sithara_105436\.m2\repository\org\springframework\spring-expression\5.2.0.RELEASE\spring-expression-5.2.0.RELEASE.jar;C:\Users\Sithara_105436\.m2\repository\org\springframework\data\spring-data-commons\2.2.0.RELEASE\spring-data-commons-2.2.0.RELEASE.jar;C:\Users\Sithara_105436\.m2\repository\org\slf4j\slf4j-api\1.7.28\slf4j-api-1.7.28.jar;C:\Users\Sithara_105436\.m2\repository\org\mongodb\mongodb-driver\3.11.1\mongodb-driver-3.11.1.jar;C:\Users\Sithara_105436\.m2\repository\org\mongodb\bson\3.11.1\bson-3.11.1.jar;C:\Users\Sithara_105436\.m2\repository\org\mongodb\mongodb-driver-core\3.11.1\mongodb-driver-core-3.11.1.jar;C:\Users\Sithara_105436\.m2\repository\org\mongodb\mongodb-driver-async\3.11.1\mongodb-driver-async-3.11.1.jar;C:\Users\Sithara_105436\.m2\repository\org\mongodb\mongodb-driver-reactivestreams\1.12.0\mongodb-driver-reactivestreams-1.12.0.jar;C:\Users\Sithara_105436\.m2\repository\org\reactivestreams\reactive-streams\1.0.3\reactive-streams-1.0.3.jar;C:\Users\Sithara_105436\.m2\repository\io\projectreactor\reactor-core\3.3.0.RELEASE\reactor-core-3.3.0.RELEASE.jar;C:\Users\Sithara_105436\.m2\repository\org\springframework\boot\spring-boot-starter-webflux\2.2.0.RELEASE\spring-boot-starter-webflux-2.2.0.RELEASE.jar;C:\Users\Sithara_105436\.m2\repository\org\springframework\boot\spring-boot-starter-json\2.2.0.RELEASE\spring-boot-starter-json-2.2.0.RELEASE.jar;C:\Users\Sithara_105436\.m2\repository\com\fasterxml\jackson\datatype\jackson-datatype-jdk8\2.10.0\jackson-datatype-jdk8-2.10.0.jar;C:\Users\Sithara_105436\.m2\repository\com\fasterxml\jackson\module\jackson-module-parameter-names\2.10.0\jackson-module-parameter-names-2.10.0.jar;C:\Users\Sithara_105436\.m2\repository\org\springframework\boot\spring-boot-starter-reactor-netty\2.2.0.RELEASE\spring-boot-starter-reactor-netty-2.2.0.RELEASE.jar;C:\Users\Sithara_105436\.m2\repository\io\projectreactor\netty\reactor-netty\0.9.0.RELEASE\reactor-netty-0.9.0.RELEASE.jar;C:\Users\Sithara_105436\.m2\repository\io\netty\netty-codec-http\4.1.42.Final\netty-codec-http-4.1.42.Final.jar;C:\Users\Sithara_105436\.m2\repository\io\netty\netty-common\4.1.42.Final\netty-common-4.1.42.Final.jar;C:\Users\Sithara_105436\.m2\repository\io\netty\netty-buffer\4.1.42.Final\netty-buffer-4.1.42.Final.jar;C:\Users\Sithara_105436\.m2\repository\io\netty\netty-transport\4.1.42.Final\netty-transport-4.1.42.Final.jar;C:\Users\Sithara_105436\.m2\repository\io\netty\netty-resolver\4.1.42.Final\netty-resolver-4.1.42.Final.jar;C:\Users\Sithara_105436\.m2\repository\io\netty\netty-codec\4.1.42.Final\netty-codec-4.1.42.Final.jar;C:\Users\Sithara_105436\.m2\repository\io\netty\netty-codec-http2\4.1.42.Final\netty-codec-http2-4.1.42.Final.jar;C:\Users\Sithara_105436\.m2\repository\io\netty\netty-handler\4.1.42.Final\netty-handler-4.1.42.Final.jar;C:\Users\Sithara_105436\.m2\repository\io\netty\netty-handler-proxy\4.1.42.Final\netty-handler-proxy-4.1.42.Final.jar;C:\Users\Sithara_105436\.m2\repository\io\netty\netty-codec-socks\4.1.42.Final\netty-codec-socks-4.1.42.Final.jar;C:\Users\Sithara_105436\.m2\repository\io\netty\netty-transport-native-epoll\4.1.42.Final\netty-transport-native-epoll-4.1.42.Final-linux-x86_64.jar;C:\Users\Sithara_105436\.m2\repository\io\netty\netty-transport-native-unix-common\4.1.42.Final\netty-transport-native-unix-common-4.1.42.Final.jar;C:\Users\Sithara_105436\.m2\repository\io\projectreactor\addons\reactor-pool\0.1.0.RELEASE\reactor-pool-0.1.0.RELEASE.jar;C:\Users\Sithara_105436\.m2\repository\org\glassfish\jakarta.el\3.0.3\jakarta.el-3.0.3.jar;C:\Users\Sithara_105436\.m2\repository\org\springframework\boot\spring-boot-starter-validation\2.2.0.RELEASE\spring-boot-starter-validation-2.2.0.RELEASE.jar;C:\Users\Sithara_105436\.m2\repository\jakarta\validation\jakarta.validation-api\2.0.1\jakarta.validation-api-2.0.1.jar;C:\Users\Sithara_105436\.m2\repository\org\hibernate\validator\hibernate-validator\6.0.17.Final\hibernate-validator-6.0.17.Final.jar;C:\Users\Sithara_105436\.m2\repository\org\jboss\logging\jboss-logging\3.4.1.Final\jboss-logging-3.4.1.Final.jar;C:\Users\Sithara_105436\.m2\repository\com\fasterxml\classmate\1.5.0\classmate-1.5.0.jar;C:\Users\Sithara_105436\.m2\repository\org\springframework\spring-web\5.2.0.RELEASE\spring-web-5.2.0.RELEASE.jar;C:\Users\Sithara_105436\.m2\repository\org\springframework\spring-webflux\5.2.0.RELEASE\spring-webflux-5.2.0.RELEASE.jar;C:\Users\Sithara_105436\.m2\repository\org\synchronoss\cloud\nio-multipart-parser\1.1.0\nio-multipart-parser-1.1.0.jar;C:\Users\Sithara_105436\.m2\repository\org\synchronoss\cloud\nio-stream-storage\1.1.3\nio-stream-storage-1.1.3.jar;C:\Users\Sithara_105436\.m2\repository\org\projectlombok\lombok\1.18.8\lombok-1.18.8.jar;C:\Users\Sithara_105436\.m2\repository\org\springframework\boot\spring-boot-starter-test\2.2.0.RELEASE\spring-boot-starter-test-2.2.0.RELEASE.jar;C:\Users\Sithara_105436\.m2\repository\org\springframework\boot\spring-boot-test\2.2.0.RELEASE\spring-boot-test-2.2.0.RELEASE.jar;C:\Users\Sithara_105436\.m2\repository\org\springframework\boot\spring-boot-test-autoconfigure\2.2.0.RELEASE\spring-boot-test-autoconfigure-2.2.0.RELEASE.jar;C:\Users\Sithara_105436\.m2\repository\com\jayway\jsonpath\json-path\2.4.0\json-path-2.4.0.jar;C:\Users\Sithara_105436\.m2\repository\net\minidev\json-smart\2.3\json-smart-2.3.jar;C:\Users\Sithara_105436\.m2\repository\net\minidev\accessors-smart\1.2\accessors-smart-1.2.jar;C:\Users\Sithara_105436\.m2\repository\org\ow2\asm\asm\5.0.4\asm-5.0.4.jar;C:\Users\Sithara_105436\.m2\repository\jakarta\xml\bind\jakarta.xml.bind-api\2.3.2\jakarta.xml.bind-api-2.3.2.jar;C:\Users\Sithara_105436\.m2\repository\jakarta\activation\jakarta.activation-api\1.2.1\jakarta.activation-api-1.2.1.jar;C:\Users\Sithara_105436\.m2\repository\org\junit\jupiter\junit-jupiter\5.5.2\junit-jupiter-5.5.2.jar;C:\Users\Sithara_105436\.m2\repository\org\junit\jupiter\junit-jupiter-api\5.5.2\junit-jupiter-api-5.5.2.jar;C:\Users\Sithara_105436\.m2\repository\org\apiguardian\apiguardian-api\1.1.0\apiguardian-api-1.1.0.jar;C:\Users\Sithara_105436\.m2\repository\org\opentest4j\opentest4j\1.2.0\opentest4j-1.2.0.jar;C:\Users\Sithara_105436\.m2\repository\org\junit\platform\junit-platform-commons\1.5.2\junit-platform-commons-1.5.2.jar;C:\Users\Sithara_105436\.m2\repository\org\junit\jupiter\junit-jupiter-params\5.5.2\junit-jupiter-params-5.5.2.jar;C:\Users\Sithara_105436\.m2\repository\org\junit\jupiter\junit-jupiter-engine\5.5.2\junit-jupiter-engine-5.5.2.jar;C:\Users\Sithara_105436\.m2\repository\org\junit\platform\junit-platform-engine\1.5.2\junit-platform-engine-1.5.2.jar;C:\Users\Sithara_105436\.m2\repository\org\mockito\mockito-junit-jupiter\3.1.0\mockito-junit-jupiter-3.1.0.jar;C:\Users\Sithara_105436\.m2\repository\org\assertj\assertj-core\3.13.2\assertj-core-3.13.2.jar;C:\Users\Sithara_105436\.m2\repository\org\hamcrest\hamcrest\2.1\hamcrest-2.1.jar;C:\Users\Sithara_105436\.m2\repository\org\mockito\mockito-core\3.1.0\mockito-core-3.1.0.jar;C:\Users\Sithara_105436\.m2\repository\net\bytebuddy\byte-buddy\1.10.1\byte-buddy-1.10.1.jar;C:\Users\Sithara_105436\.m2\repository\net\bytebuddy\byte-buddy-agent\1.10.1\byte-buddy-agent-1.10.1.jar;C:\Users\Sithara_105436\.m2\repository\org\objenesis\objenesis\2.6\objenesis-2.6.jar;C:\Users\Sithara_105436\.m2\repository\org\skyscreamer\jsonassert\1.5.0\jsonassert-1.5.0.jar;C:\Users\Sithara_105436\.m2\repository\com\vaadin\external\google\android-json\0.0.20131108.vaadin1\android-json-0.0.20131108.vaadin1.jar;C:\Users\Sithara_105436\.m2\repository\org\springframework\spring-core\5.2.0.RELEASE\spring-core-5.2.0.RELEASE.jar;C:\Users\Sithara_105436\.m2\repository\org\springframework\spring-jcl\5.2.0.RELEASE\spring-jcl-5.2.0.RELEASE.jar;C:\Users\Sithara_105436\.m2\repository\org\springframework\spring-test\5.2.0.RELEASE\spring-test-5.2.0.RELEASE.jar;C:\Users\Sithara_105436\.m2\repository\org\xmlunit\xmlunit-core\2.6.3\xmlunit-core-2.6.3.jar;C:\Users\Sithara_105436\.m2\repository\io\projectreactor\reactor-test\3.3.0.RELEASE\reactor-test-3.3.0.RELEASE.jar;C:\Users\Sithara_105436\.m2\repository\junit\junit\4.12\junit-4.12.jar;C:\Users\Sithara_105436\.m2\repository\org\hamcrest\hamcrest-core\2.1\hamcrest-core-2.1.jar;C:\Users\Sithara_105436\.m2\repository\org\jetbrains\annotations\20.1.0\annotations-20.1.0.jar;C:\Users\Sithara_105436\.m2\repository\io\micrometer\micrometer-core\1.3.0\micrometer-core-1.3.0.jar;C:\Users\Sithara_105436\.m2\repository\org\hdrhistogram\HdrHistogram\2.1.11\HdrHistogram-2.1.11.jar;C:\Users\Sithara_105436\.m2\repository\org\latencyutils\LatencyUtils\2.0.3\LatencyUtils-2.0.3.jar;C:\Users\Sithara_105436\.m2\repository\io\micrometer\micrometer-registry-prometheus\1.3.0\micrometer-registry-prometheus-1.3.0.jar;C:\Users\Sithara_105436\.m2\repository\io\prometheus\simpleclient_common\0.7.0\simpleclient_common-0.7.0.jar;C:\Users\Sithara_105436\.m2\repository\io\prometheus\simpleclient\0.7.0\simpleclient-0.7.0.jar;C:\Users\Sithara_105436\.m2\repository\org\springframework\cloud\spring-cloud-starter-config\2.1.1.RELEASE\spring-cloud-starter-config-2.1.1.RELEASE.jar;C:\Users\Sithara_105436\.m2\repository\org\springframework\cloud\spring-cloud-starter\2.1.2.RELEASE\spring-cloud-starter-2.1.2.RELEASE.jar;C:\Users\Sithara_105436\.m2\repository\org\springframework\cloud\spring-cloud-context\2.1.2.RELEASE\spring-cloud-context-2.1.2.RELEASE.jar;C:\Users\Sithara_105436\.m2\repository\org\springframework\security\spring-security-crypto\5.2.0.RELEASE\spring-security-crypto-5.2.0.RELEASE.jar;C:\Users\Sithara_105436\.m2\repository\org\springframework\cloud\spring-cloud-commons\2.1.2.RELEASE\spring-cloud-commons-2.1.2.RELEASE.jar;C:\Users\Sithara_105436\.m2\repository\org\springframework\security\spring-security-rsa\1.0.7.RELEASE\spring-security-rsa-1.0.7.RELEASE.jar;C:\Users\Sithara_105436\.m2\repository\org\bouncycastle\bcpkix-jdk15on\1.60\bcpkix-jdk15on-1.60.jar;C:\Users\Sithara_105436\.m2\repository\org\bouncycastle\bcprov-jdk15on\1.60\bcprov-jdk15on-1.60.jar;C:\Users\Sithara_105436\.m2\repository\org\springframework\cloud\spring-cloud-config-client\2.1.3.RELEASE\spring-cloud-config-client-2.1.3.RELEASE.jar;C:\Users\Sithara_105436\.m2\repository\com\fasterxml\jackson\core\jackson-annotations\2.10.0\jackson-annotations-2.10.0.jar;C:\Users\Sithara_105436\.m2\repository\com\fasterxml\jackson\core\jackson-databind\2.10.0\jackson-databind-2.10.0.jar;C:\Users\Sithara_105436\.m2\repository\com\fasterxml\jackson\core\jackson-core\2.10.0\jackson-core-2.10.0.jar;C:\Users\Sithara_105436\.m2\repository\org\springframework\cloud\spring-cloud-contract-wiremock\2.1.1.RELEASE\spring-cloud-contract-wiremock-2.1.1.RELEASE.jar;C:\Users\Sithara_105436\.m2\repository\com\github\tomakehurst\wiremock-standalone\2.20.0\wiremock-standalone-2.20.0.jar;C:\Users\Sithara_105436\.m2\repository\org\apache\httpcomponents\httpclient\4.5.10\httpclient-4.5.10.jar;C:\Users\Sithara_105436\.m2\repository\org\apache\httpcomponents\httpcore\4.4.12\httpcore-4.4.12.jar;C:\Users\Sithara_105436\.m2\repository\commons-codec\commons-codec\1.13\commons-codec-1.13.jar;C:\Users\Sithara_105436\.m2\repository\org\springframework\cloud\spring-cloud-starter-contract-stub-runner\2.1.1.RELEASE\spring-cloud-starter-contract-stub-runner-2.1.1.RELEASE.jar;C:\Users\Sithara_105436\.m2\repository\org\springframework\cloud\spring-cloud-contract-stub-runner\2.1.2.RELEASE\spring-cloud-contract-stub-runner-2.1.2.RELEASE.jar;C:\Users\Sithara_105436\.m2\repository\org\springframework\cloud\spring-cloud-contract-verifier\2.1.2.RELEASE\spring-cloud-contract-verifier-2.1.2.RELEASE.jar;C:\Users\Sithara_105436\.m2\repository\javax\inject\javax.inject\1\javax.inject-1.jar;C:\Users\Sithara_105436\.m2\repository\com\toomuchcoding\jsonassert\jsonassert\0.4.13\jsonassert-0.4.13.jar;C:\Users\Sithara_105436\.m2\repository\com\rackspace\eclipse\webtools\sourceediting\org.eclipse.wst.xml.xpath2.processor\2.1.100\org.eclipse.wst.xml.xpath2.processor-2.1.100.jar;C:\Users\Sithara_105436\.m2\repository\edu\princeton\cup\java-cup\10k\java-cup-10k.jar;C:\Users\Sithara_105436\.m2\repository\com\ibm\icu\icu4j\4.6\icu4j-4.6.jar;C:\Users\Sithara_105436\.m2\repository\org\codehaus\groovy\groovy\2.5.8\groovy-2.5.8.jar;C:\Users\Sithara_105436\.m2\repository\org\codehaus\groovy\groovy-nio\2.5.8\groovy-nio-2.5.8.jar;C:\Users\Sithara_105436\.m2\repository\org\codehaus\groovy\groovy-json\2.5.8\groovy-json-2.5.8.jar;C:\Users\Sithara_105436\.m2\repository\org\codehaus\groovy\groovy-xml\2.5.8\groovy-xml-2.5.8.jar;C:\Users\Sithara_105436\.m2\repository\com\github\jknack\handlebars\4.1.2\handlebars-4.1.2.jar;C:\Users\Sithara_105436\.m2\repository\commons-beanutils\commons-beanutils\1.9.3\commons-beanutils-1.9.3.jar;C:\Users\Sithara_105436\.m2\repository\commons-logging\commons-logging\1.2\commons-logging-1.2.jar;C:\Users\Sithara_105436\.m2\repository\commons-collections\commons-collections\3.2.2\commons-collections-3.2.2.jar;C:\Users\Sithara_105436\.m2\repository\com\fasterxml\jackson\dataformat\jackson-dataformat-yaml\2.10.0\jackson-dataformat-yaml-2.10.0.jar;C:\Users\Sithara_105436\.m2\repository\org\springframework\cloud\spring-cloud-contract-shade\2.1.2.RELEASE\spring-cloud-contract-shade-2.1.2.RELEASE.jar;C:\Users\Sithara_105436\.m2\repository\org\springframework\cloud\spring-cloud-contract-spec\2.1.2.RELEASE\spring-cloud-contract-spec-2.1.2.RELEASE.jar;C:\Users\Sithara_105436\.m2\repository\dk\brics\automaton\automaton\1.11-8\automaton-1.11-8.jar;C:\Users\Sithara_105436\.m2\repository\org\apache\commons\commons-text\1.6\commons-text-1.6.jar;C:\Users\Sithara_105436\.m2\repository\org\apache\commons\commons-lang3\3.9\commons-lang3-3.9.jar;C:\Users\Sithara_105436\.m2\repository\org\eclipse\jgit\org.eclipse.jgit\5.1.3.201810200350-r\org.eclipse.jgit-5.1.3.201810200350-r.jar;C:\Users\Sithara_105436\.m2\repository\com\jcraft\jsch\0.1.54\jsch-0.1.54.jar;C:\Users\Sithara_105436\.m2\repository\com\jcraft\jzlib\1.1.1\jzlib-1.1.1.jar;C:\Users\Sithara_105436\.m2\repository\com\googlecode\javaewah\JavaEWAH\1.1.6\JavaEWAH-1.1.6.jar;C:\Users\Sithara_105436\.m2\repository\com\jcraft\jsch.agentproxy.sshagent\0.0.9\jsch.agentproxy.sshagent-0.0.9.jar;C:\Users\Sithara_105436\.m2\repository\com\jcraft\jsch.agentproxy.core\0.0.9\jsch.agentproxy.core-0.0.9.jar;C:\Users\Sithara_105436\.m2\repository\com\jcraft\jsch.agentproxy.jsch\0.0.9\jsch.agentproxy.jsch-0.0.9.jar;C:\Users\Sithara_105436\.m2\repository\com\jcraft\jsch.agentproxy.usocket-jna\0.0.9\jsch.agentproxy.usocket-jna-0.0.9.jar;C:\Users\Sithara_105436\.m2\repository\net\java\dev\jna\jna\4.5.2\jna-4.5.2.jar;C:\Users\Sithara_105436\.m2\repository\net\java\dev\jna\jna-platform\4.5.2\jna-platform-4.5.2.jar;C:\Users\Sithara_105436\.m2\repository\org\eclipse\aether\aether-api\1.1.0\aether-api-1.1.0.jar;C:\Users\Sithara_105436\.m2\repository\lk\dialog\dds\common\1.2.1-RELEASE\common-1.2.1-RELEASE.jar;C:\Users\Sithara_105436\.m2\repository\org\springframework\cloud\spring-cloud-aws-context\2.1.2.RELEASE\spring-cloud-aws-context-2.1.2.RELEASE.jar;C:\Users\Sithara_105436\.m2\repository\org\springframework\cloud\spring-cloud-aws-core\2.1.2.RELEASE\spring-cloud-aws-core-2.1.2.RELEASE.jar;C:\Users\Sithara_105436\.m2\repository\com\amazonaws\aws-java-sdk-core\1.11.415\aws-java-sdk-core-1.11.415.jar;C:\Users\Sithara_105436\.m2\repository\software\amazon\ion\ion-java\1.0.2\ion-java-1.0.2.jar;C:\Users\Sithara_105436\.m2\repository\com\fasterxml\jackson\dataformat\jackson-dataformat-cbor\2.10.0\jackson-dataformat-cbor-2.10.0.jar;C:\Users\Sithara_105436\.m2\repository\joda-time\joda-time\2.10.4\joda-time-2.10.4.jar;C:\Users\Sithara_105436\.m2\repository\com\amazonaws\aws-java-sdk-s3\1.11.415\aws-java-sdk-s3-1.11.415.jar;C:\Users\Sithara_105436\.m2\repository\com\amazonaws\aws-java-sdk-kms\1.11.415\aws-java-sdk-kms-1.11.415.jar;C:\Users\Sithara_105436\.m2\repository\com\amazonaws\jmespath-java\1.11.415\jmespath-java-1.11.415.jar;C:\Users\Sithara_105436\.m2\repository\com\amazonaws\aws-java-sdk-ec2\1.11.415\aws-java-sdk-ec2-1.11.415.jar;C:\Users\Sithara_105436\.m2\repository\com\amazonaws\aws-java-sdk-cloudformation\1.11.415\aws-java-sdk-cloudformation-1.11.415.jar;C:\Users\Sithara_105436\.m2\repository\org\springframework\cloud\spring-cloud-starter-sleuth\2.1.2.RELEASE\spring-cloud-starter-sleuth-2.1.2.RELEASE.jar;C:\Users\Sithara_105436\.m2\repository\org\springframework\boot\spring-boot-starter-aop\2.2.0.RELEASE\spring-boot-starter-aop-2.2.0.RELEASE.jar;C:\Users\Sithara_105436\.m2\repository\org\springframework\spring-aop\5.2.0.RELEASE\spring-aop-5.2.0.RELEASE.jar;C:\Users\Sithara_105436\.m2\repository\org\aspectj\aspectjweaver\1.9.4\aspectjweaver-1.9.4.jar;C:\Users\Sithara_105436\.m2\repository\org\springframework\cloud\spring-cloud-sleuth-core\2.1.2.RELEASE\spring-cloud-sleuth-core-2.1.2.RELEASE.jar;C:\Users\Sithara_105436\.m2\repository\org\aspectj\aspectjrt\1.9.4\aspectjrt-1.9.4.jar;C:\Users\Sithara_105436\.m2\repository\io\zipkin\brave\brave\5.6.5\brave-5.6.5.jar;C:\Users\Sithara_105436\.m2\repository\io\zipkin\zipkin2\zipkin\2.14.2\zipkin-2.14.2.jar;C:\Users\Sithara_105436\.m2\repository\io\zipkin\reporter2\zipkin-reporter\2.8.4\zipkin-reporter-2.8.4.jar;C:\Users\Sithara_105436\.m2\repository\io\zipkin\brave\brave-context-log4j2\5.6.5\brave-context-log4j2-5.6.5.jar;C:\Users\Sithara_105436\.m2\repository\io\zipkin\brave\brave-instrumentation-spring-web\5.6.5\brave-instrumentation-spring-web-5.6.5.jar;C:\Users\Sithara_105436\.m2\repository\io\zipkin\brave\brave-instrumentation-http\5.6.5\brave-instrumentation-http-5.6.5.jar;C:\Users\Sithara_105436\.m2\repository\io\zipkin\brave\brave-instrumentation-spring-rabbit\5.6.5\brave-instrumentation-spring-rabbit-5.6.5.jar;C:\Users\Sithara_105436\.m2\repository\io\zipkin\brave\brave-instrumentation-kafka-clients\5.6.5\brave-instrumentation-kafka-clients-5.6.5.jar;C:\Users\Sithara_105436\.m2\repository\io\zipkin\brave\brave-instrumentation-httpclient\5.6.5\brave-instrumentation-httpclient-5.6.5.jar;C:\Users\Sithara_105436\.m2\repository\io\zipkin\brave\brave-instrumentation-httpasyncclient\5.6.5\brave-instrumentation-httpasyncclient-5.6.5.jar;C:\Users\Sithara_105436\.m2\repository\io\zipkin\brave\brave-instrumentation-spring-webmvc\5.6.5\brave-instrumentation-spring-webmvc-5.6.5.jar;C:\Users\Sithara_105436\.m2\repository\io\zipkin\brave\brave-instrumentation-servlet\5.6.5\brave-instrumentation-servlet-5.6.5.jar;C:\Users\Sithara_105436\.m2\repository\io\zipkin\brave\brave-instrumentation-jms\5.6.5\brave-instrumentation-jms-5.6.5.jar;"/>
    <property name="java.vm.vendor" value="Oracle Corporation"/>
    <property name="sun.arch.data.model" value="64"/>
    <property name="user.variant" value=""/>
    <property name="java.vendor.url" value="http://java.oracle.com/"/>
    <property name="user.timezone" value="Asia/Colombo"/>
    <property name="java.vm.specification.version" value="1.8"/>
    <property name="os.name" value="Windows 8.1"/>
    <property name="user.country" value="US"/>
    <property name="sun.java.launcher" value="SUN_STANDARD"/>
    <property name="sun.boot.library.path" value="C:\Program Files\Java\jdk1.8.0_31\jre\bin"/>
    <property name="sun.java.command" value="C:\Users\Sithara_105436\AppData\Local\Temp\surefire8585531982928567034\surefirebooter8967188396823286897.jar C:\Users\Sithara_105436\AppData\Local\Temp\surefire8585531982928567034 2021-02-22T10-08-58_199-jvmRun1 surefire3675946297091821148tmp surefire_06135289886466858932tmp"/>
    <property name="surefire.test.class.path" value="D:\IR\assignment\studentmanagement\target\test-classes;D:\IR\assignment\studentmanagement\target\classes;C:\Users\Sithara_105436\.m2\repository\org\springframework\boot\spring-boot-starter-actuator\2.2.0.RELEASE\spring-boot-starter-actuator-2.2.0.RELEASE.jar;C:\Users\Sithara_105436\.m2\repository\org\springframework\boot\spring-boot-starter\2.2.0.RELEASE\spring-boot-starter-2.2.0.RELEASE.jar;C:\Users\Sithara_105436\.m2\repository\org\springframework\boot\spring-boot\2.2.0.RELEASE\spring-boot-2.2.0.RELEASE.jar;C:\Users\Sithara_105436\.m2\repository\org\springframework\boot\spring-boot-autoconfigure\2.2.0.RELEASE\spring-boot-autoconfigure-2.2.0.RELEASE.jar;C:\Users\Sithara_105436\.m2\repository\org\springframework\boot\spring-boot-starter-logging\2.2.0.RELEASE\spring-boot-starter-logging-2.2.0.RELEASE.jar;C:\Users\Sithara_105436\.m2\repository\ch\qos\logback\logback-classic\1.2.3\logback-classic-1.2.3.jar;C:\Users\Sithara_105436\.m2\repository\ch\qos\logback\logback-core\1.2.3\logback-core-1.2.3.jar;C:\Users\Sithara_105436\.m2\repository\org\apache\logging\log4j\log4j-to-slf4j\2.12.1\log4j-to-slf4j-2.12.1.jar;C:\Users\Sithara_105436\.m2\repository\org\apache\logging\log4j\log4j-api\2.12.1\log4j-api-2.12.1.jar;C:\Users\Sithara_105436\.m2\repository\org\slf4j\jul-to-slf4j\1.7.28\jul-to-slf4j-1.7.28.jar;C:\Users\Sithara_105436\.m2\repository\jakarta\annotation\jakarta.annotation-api\1.3.5\jakarta.annotation-api-1.3.5.jar;C:\Users\Sithara_105436\.m2\repository\org\yaml\snakeyaml\1.25\snakeyaml-1.25.jar;C:\Users\Sithara_105436\.m2\repository\org\springframework\boot\spring-boot-actuator-autoconfigure\2.2.0.RELEASE\spring-boot-actuator-autoconfigure-2.2.0.RELEASE.jar;C:\Users\Sithara_105436\.m2\repository\org\springframework\boot\spring-boot-actuator\2.2.0.RELEASE\spring-boot-actuator-2.2.0.RELEASE.jar;C:\Users\Sithara_105436\.m2\repository\org\springframework\spring-context\5.2.0.RELEASE\spring-context-5.2.0.RELEASE.jar;C:\Users\Sithara_105436\.m2\repository\com\fasterxml\jackson\datatype\jackson-datatype-jsr310\2.10.0\jackson-datatype-jsr310-2.10.0.jar;C:\Users\Sithara_105436\.m2\repository\org\springframework\boot\spring-boot-starter-data-mongodb-reactive\2.2.0.RELEASE\spring-boot-starter-data-mongodb-reactive-2.2.0.RELEASE.jar;C:\Users\Sithara_105436\.m2\repository\org\springframework\data\spring-data-mongodb\2.2.0.RELEASE\spring-data-mongodb-2.2.0.RELEASE.jar;C:\Users\Sithara_105436\.m2\repository\org\springframework\spring-tx\5.2.0.RELEASE\spring-tx-5.2.0.RELEASE.jar;C:\Users\Sithara_105436\.m2\repository\org\springframework\spring-beans\5.2.0.RELEASE\spring-beans-5.2.0.RELEASE.jar;C:\Users\Sithara_105436\.m2\repository\org\springframework\spring-expression\5.2.0.RELEASE\spring-expression-5.2.0.RELEASE.jar;C:\Users\Sithara_105436\.m2\repository\org\springframework\data\spring-data-commons\2.2.0.RELEASE\spring-data-commons-2.2.0.RELEASE.jar;C:\Users\Sithara_105436\.m2\repository\org\slf4j\slf4j-api\1.7.28\slf4j-api-1.7.28.jar;C:\Users\Sithara_105436\.m2\repository\org\mongodb\mongodb-driver\3.11.1\mongodb-driver-3.11.1.jar;C:\Users\Sithara_105436\.m2\repository\org\mongodb\bson\3.11.1\bson-3.11.1.jar;C:\Users\Sithara_105436\.m2\repository\org\mongodb\mongodb-driver-core\3.11.1\mongodb-driver-core-3.11.1.jar;C:\Users\Sithara_105436\.m2\repository\org\mongodb\mongodb-driver-async\3.11.1\mongodb-driver-async-3.11.1.jar;C:\Users\Sithara_105436\.m2\repository\org\mongodb\mongodb-driver-reactivestreams\1.12.0\mongodb-driver-reactivestreams-1.12.0.jar;C:\Users\Sithara_105436\.m2\repository\org\reactivestreams\reactive-streams\1.0.3\reactive-streams-1.0.3.jar;C:\Users\Sithara_105436\.m2\repository\io\projectreactor\reactor-core\3.3.0.RELEASE\reactor-core-3.3.0.RELEASE.jar;C:\Users\Sithara_105436\.m2\repository\org\springframework\boot\spring-boot-starter-webflux\2.2.0.RELEASE\spring-boot-starter-webflux-2.2.0.RELEASE.jar;C:\Users\Sithara_105436\.m2\repository\org\springframework\boot\spring-boot-starter-json\2.2.0.RELEASE\spring-boot-starter-json-2.2.0.RELEASE.jar;C:\Users\Sithara_105436\.m2\repository\com\fasterxml\jackson\datatype\jackson-datatype-jdk8\2.10.0\jackson-datatype-jdk8-2.10.0.jar;C:\Users\Sithara_105436\.m2\repository\com\fasterxml\jackson\module\jackson-module-parameter-names\2.10.0\jackson-module-parameter-names-2.10.0.jar;C:\Users\Sithara_105436\.m2\repository\org\springframework\boot\spring-boot-starter-reactor-netty\2.2.0.RELEASE\spring-boot-starter-reactor-netty-2.2.0.RELEASE.jar;C:\Users\Sithara_105436\.m2\repository\io\projectreactor\netty\reactor-netty\0.9.0.RELEASE\reactor-netty-0.9.0.RELEASE.jar;C:\Users\Sithara_105436\.m2\repository\io\netty\netty-codec-http\4.1.42.Final\netty-codec-http-4.1.42.Final.jar;C:\Users\Sithara_105436\.m2\repository\io\netty\netty-common\4.1.42.Final\netty-common-4.1.42.Final.jar;C:\Users\Sithara_105436\.m2\repository\io\netty\netty-buffer\4.1.42.Final\netty-buffer-4.1.42.Final.jar;C:\Users\Sithara_105436\.m2\repository\io\netty\netty-transport\4.1.42.Final\netty-transport-4.1.42.Final.jar;C:\Users\Sithara_105436\.m2\repository\io\netty\netty-resolver\4.1.42.Final\netty-resolver-4.1.42.Final.jar;C:\Users\Sithara_105436\.m2\repository\io\netty\netty-codec\4.1.42.Final\netty-codec-4.1.42.Final.jar;C:\Users\Sithara_105436\.m2\repository\io\netty\netty-codec-http2\4.1.42.Final\netty-codec-http2-4.1.42.Final.jar;C:\Users\Sithara_105436\.m2\repository\io\netty\netty-handler\4.1.42.Final\netty-handler-4.1.42.Final.jar;C:\Users\Sithara_105436\.m2\repository\io\netty\netty-handler-proxy\4.1.42.Final\netty-handler-proxy-4.1.42.Final.jar;C:\Users\Sithara_105436\.m2\repository\io\netty\netty-codec-socks\4.1.42.Final\netty-codec-socks-4.1.42.Final.jar;C:\Users\Sithara_105436\.m2\repository\io\netty\netty-transport-native-epoll\4.1.42.Final\netty-transport-native-epoll-4.1.42.Final-linux-x86_64.jar;C:\Users\Sithara_105436\.m2\repository\io\netty\netty-transport-native-unix-common\4.1.42.Final\netty-transport-native-unix-common-4.1.42.Final.jar;C:\Users\Sithara_105436\.m2\repository\io\projectreactor\addons\reactor-pool\0.1.0.RELEASE\reactor-pool-0.1.0.RELEASE.jar;C:\Users\Sithara_105436\.m2\repository\org\glassfish\jakarta.el\3.0.3\jakarta.el-3.0.3.jar;C:\Users\Sithara_105436\.m2\repository\org\springframework\boot\spring-boot-starter-validation\2.2.0.RELEASE\spring-boot-starter-validation-2.2.0.RELEASE.jar;C:\Users\Sithara_105436\.m2\repository\jakarta\validation\jakarta.validation-api\2.0.1\jakarta.validation-api-2.0.1.jar;C:\Users\Sithara_105436\.m2\repository\org\hibernate\validator\hibernate-validator\6.0.17.Final\hibernate-validator-6.0.17.Final.jar;C:\Users\Sithara_105436\.m2\repository\org\jboss\logging\jboss-logging\3.4.1.Final\jboss-logging-3.4.1.Final.jar;C:\Users\Sithara_105436\.m2\repository\com\fasterxml\classmate\1.5.0\classmate-1.5.0.jar;C:\Users\Sithara_105436\.m2\repository\org\springframework\spring-web\5.2.0.RELEASE\spring-web-5.2.0.RELEASE.jar;C:\Users\Sithara_105436\.m2\repository\org\springframework\spring-webflux\5.2.0.RELEASE\spring-webflux-5.2.0.RELEASE.jar;C:\Users\Sithara_105436\.m2\repository\org\synchronoss\cloud\nio-multipart-parser\1.1.0\nio-multipart-parser-1.1.0.jar;C:\Users\Sithara_105436\.m2\repository\org\synchronoss\cloud\nio-stream-storage\1.1.3\nio-stream-storage-1.1.3.jar;C:\Users\Sithara_105436\.m2\repository\org\projectlombok\lombok\1.18.8\lombok-1.18.8.jar;C:\Users\Sithara_105436\.m2\repository\org\springframework\boot\spring-boot-starter-test\2.2.0.RELEASE\spring-boot-starter-test-2.2.0.RELEASE.jar;C:\Users\Sithara_105436\.m2\repository\org\springframework\boot\spring-boot-test\2.2.0.RELEASE\spring-boot-test-2.2.0.RELEASE.jar;C:\Users\Sithara_105436\.m2\repository\org\springframework\boot\spring-boot-test-autoconfigure\2.2.0.RELEASE\spring-boot-test-autoconfigure-2.2.0.RELEASE.jar;C:\Users\Sithara_105436\.m2\repository\com\jayway\jsonpath\json-path\2.4.0\json-path-2.4.0.jar;C:\Users\Sithara_105436\.m2\repository\net\minidev\json-smart\2.3\json-smart-2.3.jar;C:\Users\Sithara_105436\.m2\repository\net\minidev\accessors-smart\1.2\accessors-smart-1.2.jar;C:\Users\Sithara_105436\.m2\repository\org\ow2\asm\asm\5.0.4\asm-5.0.4.jar;C:\Users\Sithara_105436\.m2\repository\jakarta\xml\bind\jakarta.xml.bind-api\2.3.2\jakarta.xml.bind-api-2.3.2.jar;C:\Users\Sithara_105436\.m2\repository\jakarta\activation\jakarta.activation-api\1.2.1\jakarta.activation-api-1.2.1.jar;C:\Users\Sithara_105436\.m2\repository\org\junit\jupiter\junit-jupiter\5.5.2\junit-jupiter-5.5.2.jar;C:\Users\Sithara_105436\.m2\repository\org\junit\jupiter\junit-jupiter-api\5.5.2\junit-jupiter-api-5.5.2.jar;C:\Users\Sithara_105436\.m2\repository\org\apiguardian\apiguardian-api\1.1.0\apiguardian-api-1.1.0.jar;C:\Users\Sithara_105436\.m2\repository\org\opentest4j\opentest4j\1.2.0\opentest4j-1.2.0.jar;C:\Users\Sithara_105436\.m2\repository\org\junit\platform\junit-platform-commons\1.5.2\junit-platform-commons-1.5.2.jar;C:\Users\Sithara_105436\.m2\repository\org\junit\jupiter\junit-jupiter-params\5.5.2\junit-jupiter-params-5.5.2.jar;C:\Users\Sithara_105436\.m2\repository\org\junit\jupiter\junit-jupiter-engine\5.5.2\junit-jupiter-engine-5.5.2.jar;C:\Users\Sithara_105436\.m2\repository\org\junit\platform\junit-platform-engine\1.5.2\junit-platform-engine-1.5.2.jar;C:\Users\Sithara_105436\.m2\repository\org\mockito\mockito-junit-jupiter\3.1.0\mockito-junit-jupiter-3.1.0.jar;C:\Users\Sithara_105436\.m2\repository\org\assertj\assertj-core\3.13.2\assertj-core-3.13.2.jar;C:\Users\Sithara_105436\.m2\repository\org\hamcrest\hamcrest\2.1\hamcrest-2.1.jar;C:\Users\Sithara_105436\.m2\repository\org\mockito\mockito-core\3.1.0\mockito-core-3.1.0.jar;C:\Users\Sithara_105436\.m2\repository\net\bytebuddy\byte-buddy\1.10.1\byte-buddy-1.10.1.jar;C:\Users\Sithara_105436\.m2\repository\net\bytebuddy\byte-buddy-agent\1.10.1\byte-buddy-agent-1.10.1.jar;C:\Users\Sithara_105436\.m2\repository\org\objenesis\objenesis\2.6\objenesis-2.6.jar;C:\Users\Sithara_105436\.m2\repository\org\skyscreamer\jsonassert\1.5.0\jsonassert-1.5.0.jar;C:\Users\Sithara_105436\.m2\repository\com\vaadin\external\google\android-json\0.0.20131108.vaadin1\android-json-0.0.20131108.vaadin1.jar;C:\Users\Sithara_105436\.m2\repository\org\springframework\spring-core\5.2.0.RELEASE\spring-core-5.2.0.RELEASE.jar;C:\Users\Sithara_105436\.m2\repository\org\springframework\spring-jcl\5.2.0.RELEASE\spring-jcl-5.2.0.RELEASE.jar;C:\Users\Sithara_105436\.m2\repository\org\springframework\spring-test\5.2.0.RELEASE\spring-test-5.2.0.RELEASE.jar;C:\Users\Sithara_105436\.m2\repository\org\xmlunit\xmlunit-core\2.6.3\xmlunit-core-2.6.3.jar;C:\Users\Sithara_105436\.m2\repository\io\projectreactor\reactor-test\3.3.0.RELEASE\reactor-test-3.3.0.RELEASE.jar;C:\Users\Sithara_105436\.m2\repository\junit\junit\4.12\junit-4.12.jar;C:\Users\Sithara_105436\.m2\repository\org\hamcrest\hamcrest-core\2.1\hamcrest-core-2.1.jar;C:\Users\Sithara_105436\.m2\repository\org\jetbrains\annotations\20.1.0\annotations-20.1.0.jar;C:\Users\Sithara_105436\.m2\repository\io\micrometer\micrometer-core\1.3.0\micrometer-core-1.3.0.jar;C:\Users\Sithara_105436\.m2\repository\org\hdrhistogram\HdrHistogram\2.1.11\HdrHistogram-2.1.11.jar;C:\Users\Sithara_105436\.m2\repository\org\latencyutils\LatencyUtils\2.0.3\LatencyUtils-2.0.3.jar;C:\Users\Sithara_105436\.m2\repository\io\micrometer\micrometer-registry-prometheus\1.3.0\micrometer-registry-prometheus-1.3.0.jar;C:\Users\Sithara_105436\.m2\repository\io\prometheus\simpleclient_common\0.7.0\simpleclient_common-0.7.0.jar;C:\Users\Sithara_105436\.m2\repository\io\prometheus\simpleclient\0.7.0\simpleclient-0.7.0.jar;C:\Users\Sithara_105436\.m2\repository\org\springframework\cloud\spring-cloud-starter-config\2.1.1.RELEASE\spring-cloud-starter-config-2.1.1.RELEASE.jar;C:\Users\Sithara_105436\.m2\repository\org\springframework\cloud\spring-cloud-starter\2.1.2.RELEASE\spring-cloud-starter-2.1.2.RELEASE.jar;C:\Users\Sithara_105436\.m2\repository\org\springframework\cloud\spring-cloud-context\2.1.2.RELEASE\spring-cloud-context-2.1.2.RELEASE.jar;C:\Users\Sithara_105436\.m2\repository\org\springframework\security\spring-security-crypto\5.2.0.RELEASE\spring-security-crypto-5.2.0.RELEASE.jar;C:\Users\Sithara_105436\.m2\repository\org\springframework\cloud\spring-cloud-commons\2.1.2.RELEASE\spring-cloud-commons-2.1.2.RELEASE.jar;C:\Users\Sithara_105436\.m2\repository\org\springframework\security\spring-security-rsa\1.0.7.RELEASE\spring-security-rsa-1.0.7.RELEASE.jar;C:\Users\Sithara_105436\.m2\repository\org\bouncycastle\bcpkix-jdk15on\1.60\bcpkix-jdk15on-1.60.jar;C:\Users\Sithara_105436\.m2\repository\org\bouncycastle\bcprov-jdk15on\1.60\bcprov-jdk15on-1.60.jar;C:\Users\Sithara_105436\.m2\repository\org\springframework\cloud\spring-cloud-config-client\2.1.3.RELEASE\spring-cloud-config-client-2.1.3.RELEASE.jar;C:\Users\Sithara_105436\.m2\repository\com\fasterxml\jackson\core\jackson-annotations\2.10.0\jackson-annotations-2.10.0.jar;C:\Users\Sithara_105436\.m2\repository\com\fasterxml\jackson\core\jackson-databind\2.10.0\jackson-databind-2.10.0.jar;C:\Users\Sithara_105436\.m2\repository\com\fasterxml\jackson\core\jackson-core\2.10.0\jackson-core-2.10.0.jar;C:\Users\Sithara_105436\.m2\repository\org\springframework\cloud\spring-cloud-contract-wiremock\2.1.1.RELEASE\spring-cloud-contract-wiremock-2.1.1.RELEASE.jar;C:\Users\Sithara_105436\.m2\repository\com\github\tomakehurst\wiremock-standalone\2.20.0\wiremock-standalone-2.20.0.jar;C:\Users\Sithara_105436\.m2\repository\org\apache\httpcomponents\httpclient\4.5.10\httpclient-4.5.10.jar;C:\Users\Sithara_105436\.m2\repository\org\apache\httpcomponents\httpcore\4.4.12\httpcore-4.4.12.jar;C:\Users\Sithara_105436\.m2\repository\commons-codec\commons-codec\1.13\commons-codec-1.13.jar;C:\Users\Sithara_105436\.m2\repository\org\springframework\cloud\spring-cloud-starter-contract-stub-runner\2.1.1.RELEASE\spring-cloud-starter-contract-stub-runner-2.1.1.RELEASE.jar;C:\Users\Sithara_105436\.m2\repository\org\springframework\cloud\spring-cloud-contract-stub-runner\2.1.2.RELEASE\spring-cloud-contract-stub-runner-2.1.2.RELEASE.jar;C:\Users\Sithara_105436\.m2\repository\org\springframework\cloud\spring-cloud-contract-verifier\2.1.2.RELEASE\spring-cloud-contract-verifier-2.1.2.RELEASE.jar;C:\Users\Sithara_105436\.m2\repository\javax\inject\javax.inject\1\javax.inject-1.jar;C:\Users\Sithara_105436\.m2\repository\com\toomuchcoding\jsonassert\jsonassert\0.4.13\jsonassert-0.4.13.jar;C:\Users\Sithara_105436\.m2\repository\com\rackspace\eclipse\webtools\sourceediting\org.eclipse.wst.xml.xpath2.processor\2.1.100\org.eclipse.wst.xml.xpath2.processor-2.1.100.jar;C:\Users\Sithara_105436\.m2\repository\edu\princeton\cup\java-cup\10k\java-cup-10k.jar;C:\Users\Sithara_105436\.m2\repository\com\ibm\icu\icu4j\4.6\icu4j-4.6.jar;C:\Users\Sithara_105436\.m2\repository\org\codehaus\groovy\groovy\2.5.8\groovy-2.5.8.jar;C:\Users\Sithara_105436\.m2\repository\org\codehaus\groovy\groovy-nio\2.5.8\groovy-nio-2.5.8.jar;C:\Users\Sithara_105436\.m2\repository\org\codehaus\groovy\groovy-json\2.5.8\groovy-json-2.5.8.jar;C:\Users\Sithara_105436\.m2\repository\org\codehaus\groovy\groovy-xml\2.5.8\groovy-xml-2.5.8.jar;C:\Users\Sithara_105436\.m2\repository\com\github\jknack\handlebars\4.1.2\handlebars-4.1.2.jar;C:\Users\Sithara_105436\.m2\repository\commons-beanutils\commons-beanutils\1.9.3\commons-beanutils-1.9.3.jar;C:\Users\Sithara_105436\.m2\repository\commons-logging\commons-logging\1.2\commons-logging-1.2.jar;C:\Users\Sithara_105436\.m2\repository\commons-collections\commons-collections\3.2.2\commons-collections-3.2.2.jar;C:\Users\Sithara_105436\.m2\repository\com\fasterxml\jackson\dataformat\jackson-dataformat-yaml\2.10.0\jackson-dataformat-yaml-2.10.0.jar;C:\Users\Sithara_105436\.m2\repository\org\springframework\cloud\spring-cloud-contract-shade\2.1.2.RELEASE\spring-cloud-contract-shade-2.1.2.RELEASE.jar;C:\Users\Sithara_105436\.m2\repository\org\springframework\cloud\spring-cloud-contract-spec\2.1.2.RELEASE\spring-cloud-contract-spec-2.1.2.RELEASE.jar;C:\Users\Sithara_105436\.m2\repository\dk\brics\automaton\automaton\1.11-8\automaton-1.11-8.jar;C:\Users\Sithara_105436\.m2\repository\org\apache\commons\commons-text\1.6\commons-text-1.6.jar;C:\Users\Sithara_105436\.m2\repository\org\apache\commons\commons-lang3\3.9\commons-lang3-3.9.jar;C:\Users\Sithara_105436\.m2\repository\org\eclipse\jgit\org.eclipse.jgit\5.1.3.201810200350-r\org.eclipse.jgit-5.1.3.201810200350-r.jar;C:\Users\Sithara_105436\.m2\repository\com\jcraft\jsch\0.1.54\jsch-0.1.54.jar;C:\Users\Sithara_105436\.m2\repository\com\jcraft\jzlib\1.1.1\jzlib-1.1.1.jar;C:\Users\Sithara_105436\.m2\repository\com\googlecode\javaewah\JavaEWAH\1.1.6\JavaEWAH-1.1.6.jar;C:\Users\Sithara_105436\.m2\repository\com\jcraft\jsch.agentproxy.sshagent\0.0.9\jsch.agentproxy.sshagent-0.0.9.jar;C:\Users\Sithara_105436\.m2\repository\com\jcraft\jsch.agentproxy.core\0.0.9\jsch.agentproxy.core-0.0.9.jar;C:\Users\Sithara_105436\.m2\repository\com\jcraft\jsch.agentproxy.jsch\0.0.9\jsch.agentproxy.jsch-0.0.9.jar;C:\Users\Sithara_105436\.m2\repository\com\jcraft\jsch.agentproxy.usocket-jna\0.0.9\jsch.agentproxy.usocket-jna-0.0.9.jar;C:\Users\Sithara_105436\.m2\repository\net\java\dev\jna\jna\4.5.2\jna-4.5.2.jar;C:\Users\Sithara_105436\.m2\repository\net\java\dev\jna\jna-platform\4.5.2\jna-platform-4.5.2.jar;C:\Users\Sithara_105436\.m2\repository\org\eclipse\aether\aether-api\1.1.0\aether-api-1.1.0.jar;C:\Users\Sithara_105436\.m2\repository\lk\dialog\dds\common\1.2.1-RELEASE\common-1.2.1-RELEASE.jar;C:\Users\Sithara_105436\.m2\repository\org\springframework\cloud\spring-cloud-aws-context\2.1.2.RELEASE\spring-cloud-aws-context-2.1.2.RELEASE.jar;C:\Users\Sithara_105436\.m2\repository\org\springframework\cloud\spring-cloud-aws-core\2.1.2.RELEASE\spring-cloud-aws-core-2.1.2.RELEASE.jar;C:\Users\Sithara_105436\.m2\repository\com\amazonaws\aws-java-sdk-core\1.11.415\aws-java-sdk-core-1.11.415.jar;C:\Users\Sithara_105436\.m2\repository\software\amazon\ion\ion-java\1.0.2\ion-java-1.0.2.jar;C:\Users\Sithara_105436\.m2\repository\com\fasterxml\jackson\dataformat\jackson-dataformat-cbor\2.10.0\jackson-dataformat-cbor-2.10.0.jar;C:\Users\Sithara_105436\.m2\repository\joda-time\joda-time\2.10.4\joda-time-2.10.4.jar;C:\Users\Sithara_105436\.m2\repository\com\amazonaws\aws-java-sdk-s3\1.11.415\aws-java-sdk-s3-1.11.415.jar;C:\Users\Sithara_105436\.m2\repository\com\amazonaws\aws-java-sdk-kms\1.11.415\aws-java-sdk-kms-1.11.415.jar;C:\Users\Sithara_105436\.m2\repository\com\amazonaws\jmespath-java\1.11.415\jmespath-java-1.11.415.jar;C:\Users\Sithara_105436\.m2\repository\com\amazonaws\aws-java-sdk-ec2\1.11.415\aws-java-sdk-ec2-1.11.415.jar;C:\Users\Sithara_105436\.m2\repository\com\amazonaws\aws-java-sdk-cloudformation\1.11.415\aws-java-sdk-cloudformation-1.11.415.jar;C:\Users\Sithara_105436\.m2\repository\org\springframework\cloud\spring-cloud-starter-sleuth\2.1.2.RELEASE\spring-cloud-starter-sleuth-2.1.2.RELEASE.jar;C:\Users\Sithara_105436\.m2\repository\org\springframework\boot\spring-boot-starter-aop\2.2.0.RELEASE\spring-boot-starter-aop-2.2.0.RELEASE.jar;C:\Users\Sithara_105436\.m2\repository\org\springframework\spring-aop\5.2.0.RELEASE\spring-aop-5.2.0.RELEASE.jar;C:\Users\Sithara_105436\.m2\repository\org\aspectj\aspectjweaver\1.9.4\aspectjweaver-1.9.4.jar;C:\Users\Sithara_105436\.m2\repository\org\springframework\cloud\spring-cloud-sleuth-core\2.1.2.RELEASE\spring-cloud-sleuth-core-2.1.2.RELEASE.jar;C:\Users\Sithara_105436\.m2\repository\org\aspectj\aspectjrt\1.9.4\aspectjrt-1.9.4.jar;C:\Users\Sithara_105436\.m2\repository\io\zipkin\brave\brave\5.6.5\brave-5.6.5.jar;C:\Users\Sithara_105436\.m2\repository\io\zipkin\zipkin2\zipkin\2.14.2\zipkin-2.14.2.jar;C:\Users\Sithara_105436\.m2\repository\io\zipkin\reporter2\zipkin-reporter\2.8.4\zipkin-reporter-2.8.4.jar;C:\Users\Sithara_105436\.m2\repository\io\zipkin\brave\brave-context-log4j2\5.6.5\brave-context-log4j2-5.6.5.jar;C:\Users\Sithara_105436\.m2\repository\io\zipkin\brave\brave-instrumentation-spring-web\5.6.5\brave-instrumentation-spring-web-5.6.5.jar;C:\Users\Sithara_105436\.m2\repository\io\zipkin\brave\brave-instrumentation-http\5.6.5\brave-instrumentation-http-5.6.5.jar;C:\Users\Sithara_105436\.m2\repository\io\zipkin\brave\brave-instrumentation-spring-rabbit\5.6.5\brave-instrumentation-spring-rabbit-5.6.5.jar;C:\Users\Sithara_105436\.m2\repository\io\zipkin\brave\brave-instrumentation-kafka-clients\5.6.5\brave-instrumentation-kafka-clients-5.6.5.jar;C:\Users\Sithara_105436\.m2\repository\io\zipkin\brave\brave-instrumentation-httpclient\5.6.5\brave-instrumentation-httpclient-5.6.5.jar;C:\Users\Sithara_105436\.m2\repository\io\zipkin\brave\brave-instrumentation-httpasyncclient\5.6.5\brave-instrumentation-httpasyncclient-5.6.5.jar;C:\Users\Sithara_105436\.m2\repository\io\zipkin\brave\brave-instrumentation-spring-webmvc\5.6.5\brave-instrumentation-spring-webmvc-5.6.5.jar;C:\Users\Sithara_105436\.m2\repository\io\zipkin\brave\brave-instrumentation-servlet\5.6.5\brave-instrumentation-servlet-5.6.5.jar;C:\Users\Sithara_105436\.m2\repository\io\zipkin\brave\brave-instrumentation-jms\5.6.5\brave-instrumentation-jms-5.6.5.jar;"/>
    <property name="sun.cpu.endian" value="little"/>
    <property name="user.home" value="C:\Users\Sithara_105436"/>
    <property name="user.language" value="en"/>
    <property name="java.specification.vendor" value="Oracle Corporation"/>
    <property name="java.home" value="C:\Program Files\Java\jdk1.8.0_31\jre"/>
    <property name="basedir" value="D:\IR\assignment\studentmanagement"/>
    <property name="file.separator" value="\"/>
    <property name="line.separator" value="&#10;"/>
    <property name="java.vm.specification.vendor" value="Oracle Corporation"/>
    <property name="java.specification.name" value="Java Platform API Specification"/>
    <property name="java.awt.graphicsenv" value="sun.awt.Win32GraphicsEnvironment"/>
    <property name="surefire.real.class.path" value="C:\Users\Sithara_105436\AppData\Local\Temp\surefire8585531982928567034\surefirebooter8967188396823286897.jar;C:\\Users\\Sithara_105436\\.m2\\repository\\org\\jacoco\\org.jacoco.agent\\0.8.3\\org.jacoco.agent-0.8.3-runtime.jar"/>
    <property name="sun.boot.class.path" value="C:\Program Files\Java\jdk1.8.0_31\jre\lib\resources.jar;C:\Program Files\Java\jdk1.8.0_31\jre\lib\rt.jar;C:\Program Files\Java\jdk1.8.0_31\jre\lib\sunrsasign.jar;C:\Program Files\Java\jdk1.8.0_31\jre\lib\jsse.jar;C:\Program Files\Java\jdk1.8.0_31\jre\lib\jce.jar;C:\Program Files\Java\jdk1.8.0_31\jre\lib\charsets.jar;C:\Program Files\Java\jdk1.8.0_31\jre\lib\jfr.jar;C:\Program Files\Java\jdk1.8.0_31\jre\classes"/>
    <property name="user.script" value=""/>
    <property name="sun.management.compiler" value="HotSpot 64-Bit Tiered Compilers"/>
    <property name="java.runtime.version" value="1.8.0_31-b13"/>
    <property name="user.name" value="Sithara_105436"/>
    <property name="path.separator" value=";"/>
    <property name="os.version" value="6.3"/>
    <property name="java.endorsed.dirs" value="C:\Program Files\Java\jdk1.8.0_31\jre\lib\endorsed"/>
    <property name="java.runtime.name" value="Java(TM) SE Runtime Environment"/>
    <property name="file.encoding" value="Cp1252"/>
    <property name="java.vm.name" value="Java HotSpot(TM) 64-Bit Server VM"/>
    <property name="localRepository" value="C:\Users\Sithara_105436\.m2\repository"/>
    <property name="java.vendor.url.bug" value="http://bugreport.sun.com/bugreport/"/>
    <property name="java.io.tmpdir" value="C:\Users\SITHAR~1\AppData\Local\Temp\"/>
    <property name="java.version" value="1.8.0_31"/>
    <property name="user.dir" value="D:\IR\assignment\studentmanagement"/>
    <property name="os.arch" value="amd64"/>
    <property name="java.vm.specification.name" value="Java Virtual Machine Specification"/>
    <property name="java.awt.printerjob" value="sun.awt.windows.WPrinterJob"/>
    <property name="sun.os.patch.level" value=""/>
    <property name="java.library.path" value="C:\Program Files\Java\jdk1.8.0_31\jre\bin;C:\Windows\Sun\Java\bin;C:\Windows\system32;C:\Windows;C:\Program Files (x86)\Common Files\Oracle\Java\javapath;C:\ProgramData\Oracle\Java\javapath;C:\Windows\system32;C:\Windows;C:\Windows\System32\Wbem;C:\Windows\System32\WindowsPowerShell\v1.0\;C:\Windows\System32\OpenSSH\;C:\xampp\php;C:\Program Files\nodejs\;C:\Program Files\Git\cmd;C:\Program Files (x86)\Brackets\command;C:\Program Files\Amazon\AWSCLIV2\;C:\Program Files\Java\jdk1.8.0_31\bin;C:\Users\Sithara_105436\AppData\Local\Programs\Python\Python39\Scripts\;C:\Users\Sithara_105436\AppData\Local\Programs\Python\Python39\;C:\Users\Sithara_105436\AppData\Local\Microsoft\WindowsApps;C:\Users\Sithara_105436\AppData\Local\Programs\Microsoft VS Code\bin;C:\Users\Sithara_105436\AppData\Roaming\npm;C:\src\flutter\flutter\bin;C:\Users\Sithara_105436\AppData\Local\Programs\Oracle\instantclient_19_8;C:\apache-maven-3.6.3\bin;;."/>
    <property name="java.vm.info" value="mixed mode"/>
    <property name="java.vendor" value="Oracle Corporation"/>
    <property name="java.vm.version" value="25.31-b07"/>
    <property name="java.ext.dirs" value="C:\Program Files\Java\jdk1.8.0_31\jre\lib\ext;C:\Windows\Sun\Java\lib\ext"/>
    <property name="sun.io.unicode.encoding" value="UnicodeLittle"/>
    <property name="java.class.version" value="52.0"/>
  </properties>
  <testcase name="testExistById" classname="studentmanagement.externals.repositories.StudentRepositoryImplementationTest" time="0"/>
  <testcase name="findById" classname="studentmanagement.externals.repositories.StudentRepositoryImplementationTest" time="0"/>
  <testcase name="save" classname="studentmanagement.externals.repositories.StudentRepositoryImplementationTest" time="0">
    <failure message="expectation failed (failed running expectation on signal [onNext(Student [id=null, firstName=null, lastName=null, age=null, grade=null, email=null])] with [java.lang.NullPointerException]:&#10;)" type="java.lang.AssertionError">java.lang.AssertionError: 
expectation failed (failed running expectation on signal [onNext(Student [id=null, firstName=null, lastName=null, age=null, grade=null, email=null])] with [java.lang.NullPointerException]:
)
	at studentmanagement.externals.repositories.StudentRepositoryImplementationTest.save(StudentRepositoryImplementationTest.java:83)
</failure>
  </testcase>
  <testcase name="testExistByEmail" classname="studentmanagement.externals.repositories.StudentRepositoryImplementationTest" time="0"/>
  <testcase name="deleteById" classname="studentmanagement.externals.repositories.StudentRepositoryImplementationTest" time="0"/>
</testsuite>